<?xml version="1.0" encoding="UTF-8"?>
<!-- Generated by org.testng.reporters.JUnitXMLReporter -->
<testsuite hostname="LAPTOP-HJB88SI8" ignored="0" name="Testing Addition Functionality" tests="3" failures="0" timestamp="2021-04-20T09:20:32 IST" time="0.318" errors="0">
  <testcase name="TestAdditionWithPositiveNumbers" time="0.01" classname="com.JavaProg.Calculator.AdditionTestCases"/>
  <testcase name="TestAdditionWithOnePositiveOneNegative" time="0.0" classname="com.JavaProg.Calculator.AdditionTestCases"/>
  <testcase name="TestAdditionWithZeroNumbers" time="0.001" classname="com.JavaProg.Calculator.AdditionTestCases"/>
</testsuite> <!-- Testing Addition Functionality -->
