<?xml version="1.0" encoding="UTF-8"?>
<!-- Generated by org.testng.reporters.JUnitXMLReporter -->
<testsuite hostname="LAPTOP-HJB88SI8" ignored="0" name="Testing Division Functionality" tests="2" failures="0" timestamp="2021-04-20T09:20:32 IST" time="0.02" errors="0">
  <testcase name="TestDivisionWithPositiveNumbers" time="0.001" classname="com.JavaProg.Calculator.TestDivision"/>
  <testcase name="TestDivisionWithnegativeNumbers" time="0.001" classname="com.JavaProg.Calculator.TestDivision"/>
</testsuite> <!-- Testing Division Functionality -->
