<?xml version="1.0" encoding="UTF-8"?>
<!-- Generated by org.testng.reporters.JUnitXMLReporter -->
<testsuite ignored="0" hostname="LAPTOP-HJB88SI8" failures="0" tests="2" name="Testing Division Functionality" time="0.077" errors="0" timestamp="2021-04-24T11:07:11 IST">
  <testcase classname="com.JavaProg.Calculator.TestDivision" name="TestDivisionWithPositiveNumbers" time="0.013"/>
  <testcase classname="com.JavaProg.Calculator.TestDivision" name="TestDivisionWithnegativeNumbers" time="0.005"/>
</testsuite> <!-- Testing Division Functionality -->
