<?xml version="1.0" encoding="UTF-8"?>
<!-- Generated by org.testng.reporters.JUnitXMLReporter -->
<testsuite ignored="0" hostname="LAPTOP-HJB88SI8" failures="0" tests="3" name="Testing Addition Functionality" time="0.268" errors="0" timestamp="2021-04-24T11:07:10 IST">
  <testcase classname="com.JavaProg.Calculator.AdditionTestCases" name="TestAdditionWithPositiveNumbers" time="0.03"/>
  <testcase classname="com.JavaProg.Calculator.AdditionTestCases" name="TestAdditionWithOnePositiveOneNegative" time="0.008"/>
  <testcase classname="com.JavaProg.Calculator.AdditionTestCases" name="TestAdditionWithZeroNumbers" time="0.01"/>
</testsuite> <!-- Testing Addition Functionality -->
