<?xml version="1.0" encoding="UTF-8"?>
<!-- Generated by org.testng.reporters.JUnitXMLReporter -->
<testsuite ignored="0" hostname="LAPTOP-HJB88SI8" failures="0" tests="3" name="Testing Multiplication Functionality" time="0.115" errors="0" timestamp="2021-04-24T11:07:11 IST">
  <testcase classname="com.JavaProg.Calculator.TestMultiplication" name="TestMultiplicationWithPositiveNumbers" time="0.006"/>
  <testcase classname="com.JavaProg.Calculator.TestMultiplication" name="TestMultiplicationWithPositiveNumbers" time="0.046"/>
  <testcase classname="com.JavaProg.Calculator.TestMultiplication" name="TestMultiplicationWithPositiveNumbers" time="0.007"/>
</testsuite> <!-- Testing Multiplication Functionality -->
