<?xml version="1.0" encoding="UTF-8"?>
<testng-results ignored="0" total="9" passed="9" failed="0" skipped="0">
  <reporter-output>
  </reporter-output>
  <suite started-at="2021-04-24T11:07:10 IST" name="Testing Calculator API" finished-at="2021-04-24T11:07:11 IST" duration-ms="1060">
    <groups>
      <group name="RegressionTest">
        <method signature="AdditionTestCases.TestAdditionWithOnePositiveOneNegative()[pri:2, instance:com.JavaProg.Calculator.AdditionTestCases@4c1d9d4b]" name="TestAdditionWithOnePositiveOneNegative" class="com.JavaProg.Calculator.AdditionTestCases"/>
        <method signature="AdditionTestCases.TestAdditionWithPositiveNumbers()[pri:1, instance:com.JavaProg.Calculator.AdditionTestCases@4c1d9d4b]" name="TestAdditionWithPositiveNumbers" class="com.JavaProg.Calculator.AdditionTestCases"/>
        <method signature="TestingSubstractionTestCases.SubstractionPositiveNumbers()[pri:1, instance:com.JavaProg.Calculator.TestingSubstractionTestCases@5dd6264]" name="SubstractionPositiveNumbers" class="com.JavaProg.Calculator.TestingSubstractionTestCases"/>
        <method signature="TestMultiplication.TestMultiplicationWithPositiveNumbers(int, int, int)[pri:1, instance:com.JavaProg.Calculator.TestMultiplication@7adda9cc]" name="TestMultiplicationWithPositiveNumbers" class="com.JavaProg.Calculator.TestMultiplication"/>
        <method signature="TestDivision.TestDivisionWithnegativeNumbers()[pri:2, instance:com.JavaProg.Calculator.TestDivision@3c22fc4c]" name="TestDivisionWithnegativeNumbers" class="com.JavaProg.Calculator.TestDivision"/>
      </group> <!-- RegressionTest -->
    </groups>
    <test started-at="2021-04-24T11:07:10 IST" name="Testing Addition Functionality" finished-at="2021-04-24T11:07:10 IST" duration-ms="268">
      <class name="com.JavaProg.Calculator.AdditionTestCases">
        <test-method is-config="true" signature="init()[pri:0, instance:com.JavaProg.Calculator.AdditionTestCases@4c1d9d4b]" started-at="2021-04-24T11:07:10 IST" name="init" finished-at="2021-04-24T11:07:10 IST" duration-ms="3" status="PASS">
          <reporter-output>
          </reporter-output>
        </test-method> <!-- init -->
        <test-method is-config="true" signature="Reintialise()[pri:0, instance:com.JavaProg.Calculator.AdditionTestCases@4c1d9d4b]" started-at="2021-04-24T11:07:10 IST" name="Reintialise" finished-at="2021-04-24T11:07:10 IST" duration-ms="3" status="PASS">
          <reporter-output>
          </reporter-output>
        </test-method> <!-- Reintialise -->
        <test-method signature="TestAdditionWithPositiveNumbers()[pri:1, instance:com.JavaProg.Calculator.AdditionTestCases@4c1d9d4b]" started-at="2021-04-24T11:07:10 IST" name="TestAdditionWithPositiveNumbers" finished-at="2021-04-24T11:07:10 IST" duration-ms="30" status="PASS">
          <reporter-output>
          </reporter-output>
        </test-method> <!-- TestAdditionWithPositiveNumbers -->
        <test-method is-config="true" signature="Reintialise()[pri:0, instance:com.JavaProg.Calculator.AdditionTestCases@4c1d9d4b]" started-at="2021-04-24T11:07:10 IST" name="Reintialise" finished-at="2021-04-24T11:07:10 IST" duration-ms="9" status="PASS">
          <reporter-output>
          </reporter-output>
        </test-method> <!-- Reintialise -->
        <test-method signature="TestAdditionWithOnePositiveOneNegative()[pri:2, instance:com.JavaProg.Calculator.AdditionTestCases@4c1d9d4b]" started-at="2021-04-24T11:07:10 IST" name="TestAdditionWithOnePositiveOneNegative" finished-at="2021-04-24T11:07:10 IST" duration-ms="8" status="PASS">
          <reporter-output>
          </reporter-output>
        </test-method> <!-- TestAdditionWithOnePositiveOneNegative -->
        <test-method is-config="true" signature="Reintialise()[pri:0, instance:com.JavaProg.Calculator.AdditionTestCases@4c1d9d4b]" started-at="2021-04-24T11:07:10 IST" name="Reintialise" finished-at="2021-04-24T11:07:10 IST" duration-ms="2" status="PASS">
          <reporter-output>
          </reporter-output>
        </test-method> <!-- Reintialise -->
        <test-method signature="TestAdditionWithZeroNumbers()[pri:3, instance:com.JavaProg.Calculator.AdditionTestCases@4c1d9d4b]" started-at="2021-04-24T11:07:10 IST" name="TestAdditionWithZeroNumbers" finished-at="2021-04-24T11:07:10 IST" duration-ms="10" status="PASS">
          <reporter-output>
          </reporter-output>
        </test-method> <!-- TestAdditionWithZeroNumbers -->
        <test-method is-config="true" signature="Teerdown()[pri:0, instance:com.JavaProg.Calculator.AdditionTestCases@4c1d9d4b]" started-at="2021-04-24T11:07:10 IST" name="Teerdown" finished-at="2021-04-24T11:07:10 IST" duration-ms="1" status="PASS">
          <reporter-output>
          </reporter-output>
        </test-method> <!-- Teerdown -->
      </class> <!-- com.JavaProg.Calculator.AdditionTestCases -->
    </test> <!-- Testing Addition Functionality -->
    <test started-at="2021-04-24T11:07:11 IST" name="Testing Substraction Functionality" finished-at="2021-04-24T11:07:11 IST" duration-ms="30">
      <class name="com.JavaProg.Calculator.TestingSubstractionTestCases">
        <test-method is-config="true" signature="init()[pri:0, instance:com.JavaProg.Calculator.TestingSubstractionTestCases@5dd6264]" started-at="2021-04-24T11:07:11 IST" name="init" finished-at="2021-04-24T11:07:11 IST" duration-ms="5" status="PASS">
          <reporter-output>
          </reporter-output>
        </test-method> <!-- init -->
        <test-method is-config="true" signature="Reinitialise()[pri:0, instance:com.JavaProg.Calculator.TestingSubstractionTestCases@5dd6264]" started-at="2021-04-24T11:07:11 IST" name="Reinitialise" finished-at="2021-04-24T11:07:11 IST" duration-ms="2" status="PASS">
          <reporter-output>
          </reporter-output>
        </test-method> <!-- Reinitialise -->
        <test-method signature="SubstractionPositiveNumbers()[pri:1, instance:com.JavaProg.Calculator.TestingSubstractionTestCases@5dd6264]" started-at="2021-04-24T11:07:11 IST" name="SubstractionPositiveNumbers" finished-at="2021-04-24T11:07:11 IST" duration-ms="7" status="PASS">
          <reporter-output>
          </reporter-output>
        </test-method> <!-- SubstractionPositiveNumbers -->
      </class> <!-- com.JavaProg.Calculator.TestingSubstractionTestCases -->
    </test> <!-- Testing Substraction Functionality -->
    <test started-at="2021-04-24T11:07:11 IST" name="Testing Multiplication Functionality" finished-at="2021-04-24T11:07:11 IST" duration-ms="115">
      <class name="com.JavaProg.Calculator.TestMultiplication">
        <test-method is-config="true" signature="Init()[pri:0, instance:com.JavaProg.Calculator.TestMultiplication@7adda9cc]" started-at="2021-04-24T11:07:11 IST" name="Init" finished-at="2021-04-24T11:07:11 IST" duration-ms="0" status="PASS">
          <reporter-output>
          </reporter-output>
        </test-method> <!-- Init -->
        <test-method is-config="true" signature="ReintializingResult()[pri:0, instance:com.JavaProg.Calculator.TestMultiplication@7adda9cc]" started-at="2021-04-24T11:07:11 IST" name="ReintializingResult" finished-at="2021-04-24T11:07:11 IST" duration-ms="1" status="PASS">
          <reporter-output>
          </reporter-output>
        </test-method> <!-- ReintializingResult -->
        <test-method signature="TestMultiplicationWithPositiveNumbers(int, int, int)[pri:1, instance:com.JavaProg.Calculator.TestMultiplication@7adda9cc]" started-at="2021-04-24T11:07:11 IST" name="TestMultiplicationWithPositiveNumbers" data-provider="ProvideValues" finished-at="2021-04-24T11:07:11 IST" duration-ms="6" status="PASS">
          <params>
            <param index="0">
              <value>
                <![CDATA[3]]>
              </value>
            </param>
            <param index="1">
              <value>
                <![CDATA[4]]>
              </value>
            </param>
            <param index="2">
              <value>
                <![CDATA[12]]>
              </value>
            </param>
          </params>
          <reporter-output>
          </reporter-output>
        </test-method> <!-- TestMultiplicationWithPositiveNumbers -->
        <test-method is-config="true" signature="ReintializingResult()[pri:0, instance:com.JavaProg.Calculator.TestMultiplication@7adda9cc]" started-at="2021-04-24T11:07:11 IST" name="ReintializingResult" finished-at="2021-04-24T11:07:11 IST" duration-ms="2" status="PASS">
          <reporter-output>
          </reporter-output>
        </test-method> <!-- ReintializingResult -->
        <test-method signature="TestMultiplicationWithPositiveNumbers(int, int, int)[pri:1, instance:com.JavaProg.Calculator.TestMultiplication@7adda9cc]" started-at="2021-04-24T11:07:11 IST" name="TestMultiplicationWithPositiveNumbers" data-provider="ProvideValues" finished-at="2021-04-24T11:07:11 IST" duration-ms="46" status="PASS">
          <params>
            <param index="0">
              <value>
                <![CDATA[12]]>
              </value>
            </param>
            <param index="1">
              <value>
                <![CDATA[10]]>
              </value>
            </param>
            <param index="2">
              <value>
                <![CDATA[120]]>
              </value>
            </param>
          </params>
          <reporter-output>
          </reporter-output>
        </test-method> <!-- TestMultiplicationWithPositiveNumbers -->
        <test-method is-config="true" signature="ReintializingResult()[pri:0, instance:com.JavaProg.Calculator.TestMultiplication@7adda9cc]" started-at="2021-04-24T11:07:11 IST" name="ReintializingResult" finished-at="2021-04-24T11:07:11 IST" duration-ms="0" status="PASS">
          <reporter-output>
          </reporter-output>
        </test-method> <!-- ReintializingResult -->
        <test-method signature="TestMultiplicationWithPositiveNumbers(int, int, int)[pri:1, instance:com.JavaProg.Calculator.TestMultiplication@7adda9cc]" started-at="2021-04-24T11:07:11 IST" name="TestMultiplicationWithPositiveNumbers" data-provider="ProvideValues" finished-at="2021-04-24T11:07:11 IST" duration-ms="7" status="PASS">
          <params>
            <param index="0">
              <value>
                <![CDATA[1000]]>
              </value>
            </param>
            <param index="1">
              <value>
                <![CDATA[2000]]>
              </value>
            </param>
            <param index="2">
              <value>
                <![CDATA[2000000]]>
              </value>
            </param>
          </params>
          <reporter-output>
          </reporter-output>
        </test-method> <!-- TestMultiplicationWithPositiveNumbers -->
      </class> <!-- com.JavaProg.Calculator.TestMultiplication -->
    </test> <!-- Testing Multiplication Functionality -->
    <test started-at="2021-04-24T11:07:11 IST" name="Testing Division Functionality" finished-at="2021-04-24T11:07:11 IST" duration-ms="77">
      <class name="com.JavaProg.Calculator.TestMultiplication">
        <test-method is-config="true" signature="CreateResultReport(java.lang.String)[pri:0, instance:com.JavaProg.Calculator.TestMultiplication@7adda9cc]" started-at="2021-04-24T11:07:10 IST" name="CreateResultReport" finished-at="2021-04-24T11:07:10 IST" duration-ms="52" status="PASS">
          <params>
            <param index="0">
              <value>
                <![CDATA[Rwq101]]>
              </value>
            </param>
          </params>
          <reporter-output>
          </reporter-output>
        </test-method> <!-- CreateResultReport -->
        <test-method is-config="true" signature="CopyResult(java.lang.String)[pri:0, instance:com.JavaProg.Calculator.TestMultiplication@7adda9cc]" started-at="2021-04-24T11:07:11 IST" name="CopyResult" finished-at="2021-04-24T11:07:11 IST" duration-ms="135" status="PASS">
          <params>
            <param index="0">
              <value>
                <![CDATA[Rwq101]]>
              </value>
            </param>
          </params>
          <reporter-output>
          </reporter-output>
        </test-method> <!-- CopyResult -->
      </class> <!-- com.JavaProg.Calculator.TestMultiplication -->
      <class name="com.JavaProg.Calculator.TestDivision">
        <test-method is-config="true" signature="CreateObj()[pri:0, instance:com.JavaProg.Calculator.TestDivision@3c22fc4c]" started-at="2021-04-24T11:07:11 IST" name="CreateObj" finished-at="2021-04-24T11:07:11 IST" duration-ms="1" status="PASS">
          <reporter-output>
          </reporter-output>
        </test-method> <!-- CreateObj -->
        <test-method is-config="true" signature="InitialiseResult()[pri:0, instance:com.JavaProg.Calculator.TestDivision@3c22fc4c]" started-at="2021-04-24T11:07:11 IST" name="InitialiseResult" finished-at="2021-04-24T11:07:11 IST" duration-ms="0" status="PASS">
          <reporter-output>
          </reporter-output>
        </test-method> <!-- InitialiseResult -->
        <test-method signature="TestDivisionWithPositiveNumbers()[pri:1, instance:com.JavaProg.Calculator.TestDivision@3c22fc4c]" started-at="2021-04-24T11:07:11 IST" name="TestDivisionWithPositiveNumbers" finished-at="2021-04-24T11:07:11 IST" duration-ms="13" status="PASS">
          <reporter-output>
          </reporter-output>
        </test-method> <!-- TestDivisionWithPositiveNumbers -->
        <test-method is-config="true" signature="AfterMethod()[pri:0, instance:com.JavaProg.Calculator.TestDivision@3c22fc4c]" started-at="2021-04-24T11:07:11 IST" name="AfterMethod" finished-at="2021-04-24T11:07:11 IST" duration-ms="1" status="PASS">
          <reporter-output>
          </reporter-output>
        </test-method> <!-- AfterMethod -->
        <test-method is-config="true" signature="InitialiseResult()[pri:0, instance:com.JavaProg.Calculator.TestDivision@3c22fc4c]" started-at="2021-04-24T11:07:11 IST" name="InitialiseResult" finished-at="2021-04-24T11:07:11 IST" duration-ms="10" status="PASS">
          <reporter-output>
          </reporter-output>
        </test-method> <!-- InitialiseResult -->
        <test-method signature="TestDivisionWithnegativeNumbers()[pri:2, instance:com.JavaProg.Calculator.TestDivision@3c22fc4c]" started-at="2021-04-24T11:07:11 IST" name="TestDivisionWithnegativeNumbers" finished-at="2021-04-24T11:07:11 IST" duration-ms="5" status="PASS">
          <reporter-output>
          </reporter-output>
        </test-method> <!-- TestDivisionWithnegativeNumbers -->
        <test-method is-config="true" signature="AfterMethod()[pri:0, instance:com.JavaProg.Calculator.TestDivision@3c22fc4c]" started-at="2021-04-24T11:07:11 IST" name="AfterMethod" finished-at="2021-04-24T11:07:11 IST" duration-ms="3" status="PASS">
          <reporter-output>
          </reporter-output>
        </test-method> <!-- AfterMethod -->
        <test-method is-config="true" signature="ReleaseObj()[pri:0, instance:com.JavaProg.Calculator.TestDivision@3c22fc4c]" started-at="2021-04-24T11:07:11 IST" name="ReleaseObj" finished-at="2021-04-24T11:07:11 IST" duration-ms="1" status="PASS">
          <reporter-output>
          </reporter-output>
        </test-method> <!-- ReleaseObj -->
      </class> <!-- com.JavaProg.Calculator.TestDivision -->
    </test> <!-- Testing Division Functionality -->
  </suite> <!-- Testing Calculator API -->
</testng-results>
