<?xml version="1.0" encoding="UTF-8"?>
<!-- Generated by org.testng.reporters.JUnitXMLReporter -->
<testsuite ignored="1" hostname="LAPTOP-HJB88SI8" failures="0" tests="2" name="AdditionTestCases" time="0.32" errors="0" timestamp="2021-04-20T10:25:22 IST">
  <testcase classname="com.JavaProg.Calculator.AdditionTestCases" name="TestAdditionWithPositiveNumbers" time="0.028"/>
  <testcase classname="com.JavaProg.Calculator.AdditionTestCases" name="TestAdditionWithOnePositiveOneNegative" time="0.004"/>
  <testcase classname="com.JavaProg.Calculator.AdditionTestCases" name="TestAdditionWithZeroNumbers" time="0.0">
    <ignored/>
  </testcase> <!-- TestAdditionWithZeroNumbers -->
</testsuite> <!-- AdditionTestCases -->
