<?xml version="1.0" encoding="UTF-8"?>
<!-- Generated by org.testng.reporters.JUnitXMLReporter -->
<testsuite ignored="1" hostname="LAPTOP-HJB88SI8" failures="0" tests="1" name="DivisionTestCases" time="0.037" errors="0" timestamp="2021-04-20T10:25:22 IST">
  <testcase classname="com.JavaProg.Calculator.TestDivision" name="TestDivisionWithnegativeNumbers" time="0.02"/>
  <testcase classname="com.JavaProg.Calculator.TestDivision" name="TestDivisionWithPositiveNumbers" time="0.0">
    <ignored/>
  </testcase> <!-- TestDivisionWithPositiveNumbers -->
</testsuite> <!-- DivisionTestCases -->
